<?xml version="1.0" encoding="UTF-8" ?>
<testsuite tests="5" failures="0" name="PrintMeMyHashmapTest" time="0.027" errors="0" skipped="0">
  <properties>
[...]
</properties>
  <testcase classname="PrintMeMyHashmapTest" name="printKeysWhereTest1" time="0.027"/>
  <testcase classname="PrintMeMyHashmapTest" name="printKeysWhereTest2" time="0"/>
  <testcase classname="PrintMeMyHashmapTest" name="printKeys" time="0"/>
  <testcase classname="PrintMeMyHashmapTest" name="printValuesOfKeysWhereTest1" time="0"/>
  <testcase classname="PrintMeMyHashmapTest" name="printValuesOfKeysWhereTest2" time="0"/>
</testsuite>